<?xml version="1.0" encoding="UTF-8"?>
<!-- Generated by org.testng.reporters.JUnitReportReporter -->
<testsuite hostname="Admin" failures="0" tests="4" name="Bookings.BookFlight" time="0.020" errors="0" timestamp="2020-12-17T14:54:46 GMT+07:00" skipped="0">
  <testcase classname="Bookings.BookFlight" name="BookFlight_RoundTrip_TestCase1" time="0.005"/>
  <system-out/>
  <testcase classname="Bookings.BookFlight" name="BookFlight_OneWay_TestCase4" time="0.008"/>
  <system-out/>
  <testcase classname="Bookings.BookFlight" name="BookFlight_OneWay_TestCase3" time="0.004"/>
  <system-out/>
  <testcase classname="Bookings.BookFlight" name="BookFlight_RoundTrip_TestCase2" time="0.003"/>
  <system-out/>
</testsuite> <!-- Bookings.BookFlight -->
